<?xml version="1.0" encoding="UTF-8"?>
<testng-results ignored="0" total="1" passed="1" failed="0" skipped="0">
  <reporter-output>
  </reporter-output>
  <suite started-at="2022-10-09T22:36:48 IST" name="Suite" finished-at="2022-10-09T22:36:53 IST" duration-ms="4973">
    <groups>
    </groups>
    <test started-at="2022-10-09T22:36:48 IST" name="Test" finished-at="2022-10-09T22:36:53 IST" duration-ms="4973">
      <class name="test.OAuth">
        <test-method signature="oauthToken()[pri:0, instance:test.OAuth@3b6ddd1d]" started-at="2022-10-09T22:36:48 IST" name="oauthToken" finished-at="2022-10-09T22:36:53 IST" duration-ms="4917" status="PASS">
          <reporter-output>
          </reporter-output>
        </test-method> <!-- oauthToken -->
      </class> <!-- test.OAuth -->
    </test> <!-- Test -->
  </suite> <!-- Suite -->
</testng-results>
